03/23/2025 07:06:33 PM:WARNING:Log file created at this point Phoenix, Arizona
03/23/2025 07:11:14 PM:WARNING:Log file created at this point Phoenix, Arizona
03/23/2025 07:14:34 PM:WARNING:Log file created at this point Little Rock, Arkansas
03/23/2025 07:18:53 PM:WARNING:Log file created at this point Phoenix, Arizona
03/23/2025 08:40:17 PM:WARNING:Log file created at this point Phoenix, Arizona
03/23/2025 08:42:11 PM:WARNING:Log file created at this point Little Rock, Arkansas
03/23/2025 08:44:34 PM:WARNING:Log file created at this point Phoenix, Arizona
03/23/2025 08:46:43 PM:WARNING:Log file created at this point Little Rock, Arkansas
03/23/2025 08:48:46 PM:WARNING:Log file created at this point Sacramento, California
03/23/2025 08:50:53 PM:WARNING:Log file created at this point Denver, Colorado
03/23/2025 09:59:07 PM:WARNING:Log file created at this point Phoenix, Arizona
03/23/2025 10:20:52 PM:WARNING:Log file created at this point Little Rock, Arkansas
03/23/2025 10:43:19 PM:WARNING:Log file created at this point Sacramento, California
03/23/2025 10:44:56 PM:WARNING:Log file created at this point Sacramento, California
03/23/2025 10:46:41 PM:WARNING:Log file created at this point Sacramento, California
03/23/2025 10:48:26 PM:WARNING:Log file created at this point Sacramento, California
03/23/2025 10:50:22 PM:WARNING:Log file created at this point Denver, Colorado
03/23/2025 10:51:56 PM:WARNING:Log file created at this point Denver, Colorado
03/23/2025 10:53:45 PM:WARNING:Log file created at this point Denver, Colorado
03/23/2025 10:55:36 PM:WARNING:Log file created at this point Denver, Colorado
03/23/2025 10:57:35 PM:WARNING:Log file created at this point Hartford, Connecticut
03/23/2025 10:58:17 PM:WARNING:Log file created at this point Hartford, Connecticut
03/23/2025 11:00:09 PM:WARNING:Log file created at this point Hartford, Connecticut
03/23/2025 11:02:01 PM:WARNING:Log file created at this point Hartford, Connecticut
03/23/2025 11:03:56 PM:WARNING:Log file created at this point Tallahassee, Florida
03/23/2025 11:05:27 PM:WARNING:Log file created at this point Tallahassee, Florida
03/23/2025 11:07:21 PM:WARNING:Log file created at this point Tallahassee, Florida
03/23/2025 11:09:13 PM:WARNING:Log file created at this point Tallahassee, Florida
03/23/2025 11:11:06 PM:WARNING:Log file created at this point Atlanta, Georgia
03/23/2025 11:12:10 PM:WARNING:Log file created at this point Atlanta, Georgia
03/23/2025 11:13:58 PM:WARNING:Log file created at this point Atlanta, Georgia
03/23/2025 11:15:46 PM:WARNING:Log file created at this point Atlanta, Georgia
03/23/2025 11:17:40 PM:WARNING:Log file created at this point Honolulu, Hawaii
03/23/2025 11:19:17 PM:WARNING:Log file created at this point Honolulu, Hawaii
03/23/2025 11:21:12 PM:WARNING:Log file created at this point Honolulu, Hawaii
03/23/2025 11:23:07 PM:WARNING:Log file created at this point Honolulu, Hawaii
03/23/2025 11:24:55 PM:WARNING:Log file created at this point Boise, Idaho
03/23/2025 11:26:32 PM:WARNING:Log file created at this point Boise, Idaho
03/23/2025 11:28:16 PM:WARNING:Log file created at this point Boise, Idaho
03/23/2025 11:30:01 PM:WARNING:Log file created at this point Boise, Idaho
03/23/2025 11:32:19 PM:WARNING:Log file created at this point Springfield, Illinois
03/23/2025 11:33:43 PM:WARNING:Log file created at this point Springfield, Illinois
03/23/2025 11:35:58 PM:WARNING:Log file created at this point Springfield, Illinois
03/23/2025 11:38:12 PM:WARNING:Log file created at this point Springfield, Illinois
03/23/2025 11:40:09 PM:WARNING:Log file created at this point Indianapolis, Indiana
03/23/2025 11:41:22 PM:WARNING:Log file created at this point Indianapolis, Indiana
03/23/2025 11:43:16 PM:WARNING:Log file created at this point Indianapolis, Indiana
03/23/2025 11:45:13 PM:WARNING:Log file created at this point Indianapolis, Indiana
03/23/2025 11:47:02 PM:WARNING:Log file created at this point Des Moines, Iowa
03/23/2025 11:48:39 PM:WARNING:Log file created at this point Des Moines, Iowa
03/23/2025 11:50:27 PM:WARNING:Log file created at this point Des Moines, Iowa
03/23/2025 11:52:15 PM:WARNING:Log file created at this point Des Moines, Iowa
03/23/2025 11:54:30 PM:WARNING:Log file created at this point Topeka, Kansas
03/23/2025 11:55:29 PM:WARNING:Log file created at this point Topeka, Kansas
03/23/2025 11:57:38 PM:WARNING:Log file created at this point Topeka, Kansas
03/23/2025 11:59:50 PM:WARNING:Log file created at this point Topeka, Kansas
03/24/2025 12:01:46 AM:WARNING:Log file created at this point Frankfort, Kentucky
04/02/2025 11:59:36 AM:WARNING:Log file created at this point User: Interaction for Baltimore to Denver on 2025-05-12
04/02/2025 09:28:38 PM:WARNING:Log file created at this point User: Interaction for Baltimore to Denver on 2025-05-12
04/02/2025 09:32:35 PM:WARNING:Log file created at this point User: Interaction for Baltimore to Denver on 2025-05-12
04/02/2025 09:56:47 PM:WARNING:Log file created at this point User: Interaction for Baltimore  to Denver on 2025-05-12
04/02/2025 10:02:24 PM:WARNING:Log file created at this point User: Interaction for Baltimore to Denver on 2025-05-12
04/02/2025 10:06:11 PM:WARNING:Log file created at this point User: Interaction for Baltimore to Denver on 2025-05-12
04/02/2025 10:15:17 PM:WARNING:Log file created at this point User: Interaction for Baltimore to Denver on 2025-05-12
04/02/2025 10:16:31 PM:WARNING:Log file created at this point User: Interaction for Baltimore to Denver on 2025-05-12
04/02/2025 10:19:39 PM:WARNING:Log file created at this point User: Interaction for Baltimore to Denver on 2025-05-12
04/02/2025 10:29:38 PM:WARNING:Log file created at this point User: Interaction for Baltimore to Denver on 2025-05-12
04/02/2025 10:33:34 PM:WARNING:Log file created at this point User: Interaction for Baltimore to Denver on 2025-05-12
04/02/2025 10:46:26 PM:WARNING:Log file created at this point User: Interaction for Baltimore to Denver on 2025-05-12
04/02/2025 10:50:56 PM:WARNING:Log file created at this point User: Interaction for Baltimore  to Denver on 2025-05-12
04/02/2025 10:52:51 PM:WARNING:Log file created at this point User: Interaction for Baltimore to Denver on 2025-05-12
04/02/2025 10:59:51 PM:WARNING:Log file created at this point User: Interaction for Baltimore to Denver on 2025-05-12
04/02/2025 11:14:57 PM:WARNING:Log file created at this point User: Interaction for Baltimore  to Denver on 2025-05-12
04/02/2025 11:23:53 PM:WARNING:Log file created at this point User: Interaction for Baltimore  to Denver on 2025-05-12
04/02/2025 11:23:53 PM:WARNING:Log file created at this point User: Interaction for Baltimore  to Denver on 2025-05-12
